<?xml version="1.0" encoding="utf-8"?><testsuites name="pytest tests"><testsuite name="pytest" errors="0" failures="0" skipped="0" tests="18" time="46.418" timestamp="2026-05-15T07:19:16.216634+00:00" hostname="agent-env-9629d071-4dd2-40d5-afb3-f4e0314a6061"><testcase classname="backend.tests.test_sonarqube_workflow.TestSonarIssuesList" name="test_list_returns_extended_fields" time="1.117" /><testcase classname="backend.tests.test_sonarqube_workflow.TestSonarIssueDetail" name="test_detail_requires_auth" time="0.518" /><testcase classname="backend.tests.test_sonarqube_workflow.TestSonarIssueDetail" name="test_detail_ok" time="0.542" /><testcase classname="backend.tests.test_sonarqube_workflow.TestSonarIssueDetail" name="test_detail_unknown_returns_404" time="0.566" /><testcase classname="backend.tests.test_sonarqube_workflow.TestSonarClaim" name="test_claim_requires_auth" time="36.309" /><testcase classname="backend.tests.test_sonarqube_workflow.TestSonarClaim" name="test_claim_sets_assignee_and_status" time="0.643" /><testcase classname="backend.tests.test_sonarqube_workflow.TestSonarClaim" name="test_claim_unknown_issue_404" time="0.548" /><testcase classname="backend.tests.test_sonarqube_workflow.TestSonarAssign" name="test_assign_requires_auth" time="0.545" /><testcase classname="backend.tests.test_sonarqube_workflow.TestSonarAssign" name="test_assign_sets_assignee_and_bumps_open_to_claimed" time="0.611" /><testcase classname="backend.tests.test_sonarqube_workflow.TestSonarAssign" name="test_assign_unknown_user_returns_404" time="0.524" /><testcase classname="backend.tests.test_sonarqube_workflow.TestSonarAssign" name="test_assign_unknown_issue_returns_404" time="0.521" /><testcase classname="backend.tests.test_sonarqube_workflow.TestSonarStatus" name="test_status_requires_auth" time="0.600" /><testcase classname="backend.tests.test_sonarqube_workflow.TestSonarStatus" name="test_status_valid_values[CLAIMED]" time="0.532" /><testcase classname="backend.tests.test_sonarqube_workflow.TestSonarStatus" name="test_status_valid_values[IN_PROGRESS]" time="0.542" /><testcase classname="backend.tests.test_sonarqube_workflow.TestSonarStatus" name="test_status_valid_values[FIXED]" time="0.523" /><testcase classname="backend.tests.test_sonarqube_workflow.TestSonarStatus" name="test_status_invalid_returns_400" time="0.523" /><testcase classname="backend.tests.test_sonarqube_workflow.TestSonarStatus" name="test_status_open_clears_assignee" time="0.640" /><testcase classname="backend.tests.test_sonarqube_workflow.TestSonarStatus" name="test_status_unknown_issue_returns_404" time="0.529" /></testsuite></testsuites>