<?xml version="1.0" encoding="utf-8"?><testsuites name="pytest tests"><testsuite name="pytest" errors="0" failures="0" skipped="0" tests="48" time="131.459" timestamp="2026-05-11T05:16:51.331877+00:00" hostname="agent-env-95ca1691-d2d5-4cdb-a733-beef3e31debf"><testcase classname="backend.tests.backend_test.TestAuth" name="test_login_success" time="0.369" /><testcase classname="backend.tests.backend_test.TestAuth" name="test_login_invalid" time="0.324" /><testcase classname="backend.tests.backend_test.TestAuth" name="test_login_unknown_user" time="0.148" /><testcase classname="backend.tests.backend_test.TestAuth" name="test_me_with_token" time="0.472" /><testcase classname="backend.tests.backend_test.TestAuth" name="test_me_no_token" time="0.106" /><testcase classname="backend.tests.backend_test.TestAuth" name="test_me_bad_token" time="0.093" /><testcase classname="backend.tests.backend_test.TestAuth" name="test_users_list" time="0.432" /><testcase classname="backend.tests.backend_test.TestAuth" name="test_protected_endpoint_requires_token" time="0.099" /><testcase classname="backend.tests.backend_test.TestSources" name="test_default_sources" time="0.117" /><testcase classname="backend.tests.backend_test.TestSources" name="test_source_crud" time="0.302" /><testcase classname="backend.tests.backend_test.TestIncidentFlow" name="test_triage_sets_created_by" time="23.055" /><testcase classname="backend.tests.backend_test.TestIncidentFlow" name="test_pickup_by_sre2" time="0.502" /><testcase classname="backend.tests.backend_test.TestIncidentFlow" name="test_add_collaborator" time="0.153" /><testcase classname="backend.tests.backend_test.TestIncidentFlow" name="test_post_update" time="0.098" /><testcase classname="backend.tests.backend_test.TestIncidentFlow" name="test_scope_mine_vs_others" time="0.257" /><testcase classname="backend.tests.backend_test.TestIncidentFlow" name="test_resolve_incident" time="0.196" /><testcase classname="backend.tests.backend_test.TestChat" name="test_initial_history_empty" time="25.995" /><testcase classname="backend.tests.backend_test.TestChat" name="test_send_chat_message" time="8.385" /><testcase classname="backend.tests.backend_test.TestChat" name="test_chat_blocked_after_resolve" time="0.246" /><testcase classname="backend.tests.backend_test.TestUnattended" name="test_age_alerts_and_unattended" time="0.206" /><testcase classname="backend.tests.test_notifications.TestChannelCRUD" name="test_list_channels_any_role" time="0.443" /><testcase classname="backend.tests.test_notifications.TestChannelCRUD" name="test_viewer_cannot_create" time="0.047" /><testcase classname="backend.tests.test_notifications.TestChannelCRUD" name="test_admin_create_patch_delete" time="1.089" /><testcase classname="backend.tests.test_notifications" name="test_channel_test_endpoint_via_httpbin[slack]" time="0.446" /><testcase classname="backend.tests.test_notifications" name="test_channel_test_endpoint_via_httpbin[teams]" time="0.319" /><testcase classname="backend.tests.test_notifications" name="test_channel_test_endpoint_via_httpbin[discord]" time="0.324" /><testcase classname="backend.tests.test_notifications" name="test_channel_test_endpoint_via_httpbin[webhook]" time="0.414" /><testcase classname="backend.tests.test_notifications" name="test_slack_missing_webhook_url_returns_error" time="0.154" /><testcase classname="backend.tests.test_notifications.TestEmailChannel" name="test_email_missing_api_key" time="0.165" /><testcase classname="backend.tests.test_notifications.TestEmailChannel" name="test_email_missing_to_email" time="0.156" /><testcase classname="backend.tests.test_notifications.TestEmailChannel" name="test_email_fake_api_key_graceful" time="0.329" /><testcase classname="backend.tests.test_notifications" name="test_notification_log_endpoint" time="0.431" /><testcase classname="backend.tests.test_notifications.TestDispatchOnIncident" name="test_incident_created_fires_dispatch" time="29.579" /><testcase classname="backend.tests.test_notifications.TestDispatchOnIncident" name="test_incident_resolved_fires_dispatch" time="24.678" /><testcase classname="backend.tests.test_notifications.TestSlaBreach" name="test_sla_breach_dispatch_and_dedup" time="8.412" /><testcase classname="backend.tests.test_webhook_ingest" name="test_default_sources_have_ingest_token" time="0.483" /><testcase classname="backend.tests.test_webhook_ingest" name="test_cloudwatch_ingest_creates_critical_alert" time="0.220" /><testcase classname="backend.tests.test_webhook_ingest" name="test_datadog_ingest_severity_high" time="0.100" /><testcase classname="backend.tests.test_webhook_ingest" name="test_pagerduty_ingest_severity_high" time="0.108" /><testcase classname="backend.tests.test_webhook_ingest" name="test_grafana_alertmanager_multiple_alerts" time="0.110" /><testcase classname="backend.tests.test_webhook_ingest" name="test_custom_source_passthrough" time="0.348" /><testcase classname="backend.tests.test_webhook_ingest" name="test_ingest_wrong_token_401" time="0.113" /><testcase classname="backend.tests.test_webhook_ingest" name="test_ingest_no_token_401" time="0.115" /><testcase classname="backend.tests.test_webhook_ingest" name="test_ingest_nonexistent_source_404" time="0.119" /><testcase classname="backend.tests.test_webhook_ingest" name="test_ingest_disabled_source_403" time="0.457" /><testcase classname="backend.tests.test_webhook_ingest" name="test_test_source_requires_auth" time="0.102" /><testcase classname="backend.tests.test_webhook_ingest" name="test_test_source_fires_sample" time="0.345" /><testcase classname="backend.tests.test_webhook_ingest" name="test_test_nonexistent_source_404" time="0.163" /></testsuite></testsuites>