<?xml version="1.0" encoding="utf-8"?><testsuites name="pytest tests"><testsuite name="pytest" errors="0" failures="0" skipped="0" tests="33" time="68.994" timestamp="2026-05-10T07:49:35.867337+00:00" hostname="agent-env-95ca1691-d2d5-4cdb-a733-beef3e31debf"><testcase classname="backend.tests.backend_test.TestAuth" name="test_login_success" time="0.351" /><testcase classname="backend.tests.backend_test.TestAuth" name="test_login_invalid" time="0.326" /><testcase classname="backend.tests.backend_test.TestAuth" name="test_login_unknown_user" time="0.099" /><testcase classname="backend.tests.backend_test.TestAuth" name="test_me_with_token" time="0.442" /><testcase classname="backend.tests.backend_test.TestAuth" name="test_me_no_token" time="0.099" /><testcase classname="backend.tests.backend_test.TestAuth" name="test_me_bad_token" time="0.096" /><testcase classname="backend.tests.backend_test.TestAuth" name="test_users_list" time="0.424" /><testcase classname="backend.tests.backend_test.TestAuth" name="test_protected_endpoint_requires_token" time="0.099" /><testcase classname="backend.tests.backend_test.TestSources" name="test_default_sources" time="0.108" /><testcase classname="backend.tests.backend_test.TestSources" name="test_source_crud" time="0.305" /><testcase classname="backend.tests.backend_test.TestIncidentFlow" name="test_triage_sets_created_by" time="27.558" /><testcase classname="backend.tests.backend_test.TestIncidentFlow" name="test_pickup_by_sre2" time="0.476" /><testcase classname="backend.tests.backend_test.TestIncidentFlow" name="test_add_collaborator" time="0.152" /><testcase classname="backend.tests.backend_test.TestIncidentFlow" name="test_post_update" time="0.114" /><testcase classname="backend.tests.backend_test.TestIncidentFlow" name="test_scope_mine_vs_others" time="0.277" /><testcase classname="backend.tests.backend_test.TestIncidentFlow" name="test_resolve_incident" time="0.196" /><testcase classname="backend.tests.backend_test.TestChat" name="test_initial_history_empty" time="25.079" /><testcase classname="backend.tests.backend_test.TestChat" name="test_send_chat_message" time="9.742" /><testcase classname="backend.tests.backend_test.TestChat" name="test_chat_blocked_after_resolve" time="0.257" /><testcase classname="backend.tests.backend_test.TestUnattended" name="test_age_alerts_and_unattended" time="0.196" /><testcase classname="backend.tests.test_webhook_ingest" name="test_default_sources_have_ingest_token" time="0.438" /><testcase classname="backend.tests.test_webhook_ingest" name="test_cloudwatch_ingest_creates_critical_alert" time="0.205" /><testcase classname="backend.tests.test_webhook_ingest" name="test_datadog_ingest_severity_high" time="0.099" /><testcase classname="backend.tests.test_webhook_ingest" name="test_pagerduty_ingest_severity_high" time="0.107" /><testcase classname="backend.tests.test_webhook_ingest" name="test_grafana_alertmanager_multiple_alerts" time="0.100" /><testcase classname="backend.tests.test_webhook_ingest" name="test_custom_source_passthrough" time="0.316" /><testcase classname="backend.tests.test_webhook_ingest" name="test_ingest_wrong_token_401" time="0.111" /><testcase classname="backend.tests.test_webhook_ingest" name="test_ingest_no_token_401" time="0.101" /><testcase classname="backend.tests.test_webhook_ingest" name="test_ingest_nonexistent_source_404" time="0.100" /><testcase classname="backend.tests.test_webhook_ingest" name="test_ingest_disabled_source_403" time="0.417" /><testcase classname="backend.tests.test_webhook_ingest" name="test_test_source_requires_auth" time="0.103" /><testcase classname="backend.tests.test_webhook_ingest" name="test_test_source_fires_sample" time="0.319" /><testcase classname="backend.tests.test_webhook_ingest" name="test_test_nonexistent_source_404" time="0.105" /></testsuite></testsuites>