<?xml version="1.0" encoding="utf-8"?><testsuites name="pytest tests"><testsuite name="pytest" errors="0" failures="0" skipped="0" tests="27" time="6.334" timestamp="2026-05-15T10:38:28.231434+00:00" hostname="agent-env-87a36943-e760-44c2-9053-a049df58f8b9"><testcase classname="backend.tests.test_post_merge_pr4.TestAuthRegression" name="test_login_admin" time="0.446" /><testcase classname="backend.tests.test_post_merge_pr4.TestAuthRegression" name="test_protected_requires_auth" time="0.168" /><testcase classname="backend.tests.test_post_merge_pr4.TestAuthRegression" name="test_sonar_detail_requires_auth" time="0.178" /><testcase classname="backend.tests.test_post_merge_pr4.TestPreExistingRoutes" name="test_alerts" time="0.514" /><testcase classname="backend.tests.test_post_merge_pr4.TestPreExistingRoutes" name="test_incidents" time="0.102" /><testcase classname="backend.tests.test_post_merge_pr4.TestPreExistingRoutes" name="test_sources" time="0.125" /><testcase classname="backend.tests.test_post_merge_pr4.TestPreExistingRoutes" name="test_analytics_summary" time="0.105" /><testcase classname="backend.tests.test_post_merge_pr4.TestPredictive" name="test_predictive_services_summary" time="0.116" /><testcase classname="backend.tests.test_post_merge_pr4.TestPredictive" name="test_list_predictive_incidents" time="0.106" /><testcase classname="backend.tests.test_post_merge_pr4.TestPredictive" name="test_run_predictive_triage" time="1.326" /><testcase classname="backend.tests.test_post_merge_pr4.TestPredictive" name="test_incident_trend" time="0.227" /><testcase classname="backend.tests.test_post_merge_pr4.TestPredictive" name="test_acknowledge_and_resolve" time="0.309" /><testcase classname="backend.tests.test_post_merge_pr4.TestPredictive" name="test_websocket_predictive_alerts" time="0.179" /><testcase classname="backend.tests.test_post_merge_pr4.TestSonarQube" name="test_sonar_summary" time="0.102" /><testcase classname="backend.tests.test_post_merge_pr4.TestSonarQube" name="test_sonar_issues_list" time="0.104" /><testcase classname="backend.tests.test_post_merge_pr4.TestSonarQube" name="test_sonar_issue_detail" time="0.106" /><testcase classname="backend.tests.test_post_merge_pr4.TestSonarQube" name="test_sonar_claim" time="0.236" /><testcase classname="backend.tests.test_post_merge_pr4.TestSonarQube" name="test_sonar_assign" time="0.108" /><testcase classname="backend.tests.test_post_merge_pr4.TestSonarQube" name="test_sonar_status_transitions" time="0.457" /><testcase classname="backend.tests.test_post_merge_pr4.TestSonarQube" name="test_quality_gate" time="0.125" /><testcase classname="backend.tests.test_post_merge_pr4.TestSonarQube" name="test_generate_fix" time="0.114" /><testcase classname="backend.tests.test_post_merge_pr4.TestSonarQube" name="test_comments_list_and_post" time="0.322" /><testcase classname="backend.tests.test_post_merge_pr4.TestSonarQube" name="test_sonar_ai_chat[explain]" time="0.111" /><testcase classname="backend.tests.test_post_merge_pr4.TestSonarQube" name="test_sonar_ai_chat[suggest_fix]" time="0.115" /><testcase classname="backend.tests.test_post_merge_pr4.TestSonarQube" name="test_sonar_ai_chat[refactor]" time="0.106" /><testcase classname="backend.tests.test_post_merge_pr4.TestSonarQube" name="test_sonar_ai_chat[severity]" time="0.104" /><testcase classname="backend.tests.test_post_merge_pr4.TestSonarQube" name="test_sonar_ai_chat[best_practices]" time="0.123" /></testsuite></testsuites>