<?xml version="1.0" encoding="utf-8"?><testsuites name="pytest tests"><testsuite name="pytest" errors="0" failures="0" skipped="0" tests="13" time="2.732" timestamp="2026-05-10T07:49:13.508035+00:00" hostname="agent-env-95ca1691-d2d5-4cdb-a733-beef3e31debf"><testcase classname="backend.tests.test_webhook_ingest" name="test_default_sources_have_ingest_token" time="0.521" /><testcase classname="backend.tests.test_webhook_ingest" name="test_cloudwatch_ingest_creates_critical_alert" time="0.204" /><testcase classname="backend.tests.test_webhook_ingest" name="test_datadog_ingest_severity_high" time="0.107" /><testcase classname="backend.tests.test_webhook_ingest" name="test_pagerduty_ingest_severity_high" time="0.106" /><testcase classname="backend.tests.test_webhook_ingest" name="test_grafana_alertmanager_multiple_alerts" time="0.100" /><testcase classname="backend.tests.test_webhook_ingest" name="test_custom_source_passthrough" time="0.350" /><testcase classname="backend.tests.test_webhook_ingest" name="test_ingest_wrong_token_401" time="0.107" /><testcase classname="backend.tests.test_webhook_ingest" name="test_ingest_no_token_401" time="0.100" /><testcase classname="backend.tests.test_webhook_ingest" name="test_ingest_nonexistent_source_404" time="0.103" /><testcase classname="backend.tests.test_webhook_ingest" name="test_ingest_disabled_source_403" time="0.408" /><testcase classname="backend.tests.test_webhook_ingest" name="test_test_source_requires_auth" time="0.095" /><testcase classname="backend.tests.test_webhook_ingest" name="test_test_source_fires_sample" time="0.322" /><testcase classname="backend.tests.test_webhook_ingest" name="test_test_nonexistent_source_404" time="0.123" /></testsuite></testsuites>