<?xml version="1.0" encoding="utf-8"?><testsuites name="pytest tests"><testsuite name="pytest" errors="0" failures="0" skipped="0" tests="15" time="35.261" timestamp="2026-05-11T05:16:10.849185+00:00" hostname="agent-env-95ca1691-d2d5-4cdb-a733-beef3e31debf"><testcase classname="backend.tests.test_notifications.TestChannelCRUD" name="test_list_channels_any_role" time="0.589" /><testcase classname="backend.tests.test_notifications.TestChannelCRUD" name="test_viewer_cannot_create" time="0.044" /><testcase classname="backend.tests.test_notifications.TestChannelCRUD" name="test_admin_create_patch_delete" time="1.298" /><testcase classname="backend.tests.test_notifications" name="test_channel_test_endpoint_via_httpbin[slack]" time="0.415" /><testcase classname="backend.tests.test_notifications" name="test_channel_test_endpoint_via_httpbin[teams]" time="0.343" /><testcase classname="backend.tests.test_notifications" name="test_channel_test_endpoint_via_httpbin[discord]" time="0.356" /><testcase classname="backend.tests.test_notifications" name="test_channel_test_endpoint_via_httpbin[webhook]" time="0.355" /><testcase classname="backend.tests.test_notifications" name="test_slack_missing_webhook_url_returns_error" time="0.239" /><testcase classname="backend.tests.test_notifications.TestEmailChannel" name="test_email_missing_api_key" time="0.175" /><testcase classname="backend.tests.test_notifications.TestEmailChannel" name="test_email_missing_to_email" time="0.180" /><testcase classname="backend.tests.test_notifications.TestEmailChannel" name="test_email_fake_api_key_graceful" time="0.345" /><testcase classname="backend.tests.test_notifications" name="test_notification_log_endpoint" time="0.547" /><testcase classname="backend.tests.test_notifications.TestDispatchOnIncident" name="test_incident_created_fires_dispatch" time="1.229" /><testcase classname="backend.tests.test_notifications.TestDispatchOnIncident" name="test_incident_resolved_fires_dispatch" time="20.645" /><testcase classname="backend.tests.test_notifications.TestSlaBreach" name="test_sla_breach_dispatch_and_dedup" time="8.422" /></testsuite></testsuites>