<?xml version="1.0" encoding="utf-8"?><testsuites name="pytest tests"><testsuite name="pytest" errors="0" failures="0" skipped="0" tests="17" time="2.929" timestamp="2026-05-15T07:34:09.501351+00:00" hostname="agent-env-9629d071-4dd2-40d5-afb3-f4e0314a6061"><testcase classname="backend.tests.test_sonar_ai_chat.TestAuth" name="test_get_chat_requires_auth" time="0.569" /><testcase classname="backend.tests.test_sonar_ai_chat.TestAuth" name="test_post_chat_requires_auth" time="0.132" /><testcase classname="backend.tests.test_sonar_ai_chat.TestGetChatHistory" name="test_get_returns_messages_list" time="0.133" /><testcase classname="backend.tests.test_sonar_ai_chat.TestGetChatHistory" name="test_get_unknown_issue_404" time="0.101" /><testcase classname="backend.tests.test_sonar_ai_chat.TestPostChat" name="test_empty_text_returns_400" time="0.097" /><testcase classname="backend.tests.test_sonar_ai_chat.TestPostChat" name="test_unknown_issue_returns_404" time="0.110" /><testcase classname="backend.tests.test_sonar_ai_chat.TestPostChat" name="test_each_intent_returns_tagged_reply[explain]" time="0.143" /><testcase classname="backend.tests.test_sonar_ai_chat.TestPostChat" name="test_each_intent_returns_tagged_reply[suggest_fix]" time="0.126" /><testcase classname="backend.tests.test_sonar_ai_chat.TestPostChat" name="test_each_intent_returns_tagged_reply[refactor]" time="0.110" /><testcase classname="backend.tests.test_sonar_ai_chat.TestPostChat" name="test_each_intent_returns_tagged_reply[severity]" time="0.115" /><testcase classname="backend.tests.test_sonar_ai_chat.TestPostChat" name="test_each_intent_returns_tagged_reply[best_practices]" time="0.103" /><testcase classname="backend.tests.test_sonar_ai_chat.TestPostChat" name="test_suggest_fix_contains_code_block" time="0.106" /><testcase classname="backend.tests.test_sonar_ai_chat.TestPostChat" name="test_severity_reply_mentions_major" time="0.121" /><testcase classname="backend.tests.test_sonar_ai_chat.TestPostChat" name="test_intent_omitted_keyword_fallback_explain" time="0.127" /><testcase classname="backend.tests.test_sonar_ai_chat.TestPostChat" name="test_intent_omitted_keyword_fallback_suggest_fix" time="0.112" /><testcase classname="backend.tests.test_sonar_ai_chat.TestPersistenceAndIsolation" name="test_history_grows_after_post" time="0.322" /><testcase classname="backend.tests.test_sonar_ai_chat.TestPersistenceAndIsolation" name="test_each_issue_has_isolated_history" time="0.323" /></testsuite></testsuites>