<?xml version="1.0" encoding="utf-8"?><testsuites name="pytest tests"><testsuite name="pytest" errors="0" failures="0" skipped="0" tests="12" time="26.226" timestamp="2026-05-10T05:37:01.048711+00:00" hostname="agent-env-95ca1691-d2d5-4cdb-a733-beef3e31debf"><testcase classname="backend.tests.backend_test" name="test_root" time="0.286" /><testcase classname="backend.tests.backend_test" name="test_seed_and_list_alerts" time="0.099" /><testcase classname="backend.tests.backend_test" name="test_ingest_custom_alert" time="0.050" /><testcase classname="backend.tests.backend_test" name="test_simulate_alert" time="0.054" /><testcase classname="backend.tests.backend_test" name="test_resolve_single_alert" time="0.147" /><testcase classname="backend.tests.backend_test" name="test_resolve_alert_not_found" time="0.048" /><testcase classname="backend.tests.backend_test" name="test_triage_structure" time="25.052" /><testcase classname="backend.tests.backend_test" name="test_triage_creates_incident" time="0.052" /><testcase classname="backend.tests.backend_test" name="test_incident_detail" time="0.049" /><testcase classname="backend.tests.backend_test" name="test_triage_no_alerts" time="0.047" /><testcase classname="backend.tests.backend_test" name="test_resolve_bulk_and_incidents" time="0.099" /><testcase classname="backend.tests.backend_test" name="test_analytics_summary" time="0.050" /></testsuite></testsuites>