<?xml version="1.0" encoding="utf-8"?><testsuites name="pytest tests"><testsuite name="pytest" errors="0" failures="0" skipped="0" tests="20" time="67.767" timestamp="2026-05-10T06:11:20.697124+00:00" hostname="agent-env-95ca1691-d2d5-4cdb-a733-beef3e31debf"><testcase classname="backend.tests.backend_test.TestAuth" name="test_login_success" time="0.491" /><testcase classname="backend.tests.backend_test.TestAuth" name="test_login_invalid" time="7.686" /><testcase classname="backend.tests.backend_test.TestAuth" name="test_login_unknown_user" time="0.160" /><testcase classname="backend.tests.backend_test.TestAuth" name="test_me_with_token" time="0.465" /><testcase classname="backend.tests.backend_test.TestAuth" name="test_me_no_token" time="0.109" /><testcase classname="backend.tests.backend_test.TestAuth" name="test_me_bad_token" time="0.100" /><testcase classname="backend.tests.backend_test.TestAuth" name="test_users_list" time="0.465" /><testcase classname="backend.tests.backend_test.TestAuth" name="test_protected_endpoint_requires_token" time="0.143" /><testcase classname="backend.tests.backend_test.TestSources" name="test_default_sources" time="0.106" /><testcase classname="backend.tests.backend_test.TestSources" name="test_source_crud" time="0.287" /><testcase classname="backend.tests.backend_test.TestIncidentFlow" name="test_triage_sets_created_by" time="24.093" /><testcase classname="backend.tests.backend_test.TestIncidentFlow" name="test_pickup_by_sre2" time="0.466" /><testcase classname="backend.tests.backend_test.TestIncidentFlow" name="test_add_collaborator" time="0.152" /><testcase classname="backend.tests.backend_test.TestIncidentFlow" name="test_post_update" time="0.101" /><testcase classname="backend.tests.backend_test.TestIncidentFlow" name="test_scope_mine_vs_others" time="0.284" /><testcase classname="backend.tests.backend_test.TestIncidentFlow" name="test_resolve_incident" time="0.196" /><testcase classname="backend.tests.backend_test.TestChat" name="test_initial_history_empty" time="22.430" /><testcase classname="backend.tests.backend_test.TestChat" name="test_send_chat_message" time="9.427" /><testcase classname="backend.tests.backend_test.TestChat" name="test_chat_blocked_after_resolve" time="0.292" /><testcase classname="backend.tests.backend_test.TestUnattended" name="test_age_alerts_and_unattended" time="0.196" /></testsuite></testsuites>